<?xml version="1.0" encoding="UTF-8"?>
<testng-results skipped="0" failed="0" ignored="1" total="2" passed="1">
  <reporter-output>
  </reporter-output>
  <suite name="Default suite" duration-ms="2598" started-at="2019-07-25T18:50:44Z" finished-at="2019-07-25T18:50:46Z">
    <groups>
    </groups>
    <test name="Default test" duration-ms="2598" started-at="2019-07-25T18:50:44Z" finished-at="2019-07-25T18:50:46Z">
      <class name="resrAssuredTests.PracticeClass">
        <test-method status="PASS" signature="getCall()[pri:0, instance:resrAssuredTests.PracticeClass@91161c7]" name="getCall" duration-ms="2570" started-at="2019-07-25T18:50:44Z" finished-at="2019-07-25T18:50:46Z">
          <reporter-output>
          </reporter-output>
        </test-method> <!-- getCall -->
      </class> <!-- resrAssuredTests.PracticeClass -->
    </test> <!-- Default test -->
  </suite> <!-- Default suite -->
</testng-results>
