<?xml version="1.0" encoding="UTF-8"?>
<!-- Generated by org.testng.reporters.JUnitXMLReporter -->
<testsuite hostname="USBLRABSHISH1MB" ignored="1" name="Default test" tests="1" failures="0" timestamp="25 Jul 2019 18:50:46 GMT" time="2.598" errors="0">
  <testcase name="getCall" time="2.57" classname="resrAssuredTests.PracticeClass"/>
  <testcase name="postCall" time="0.0" classname="resrAssuredTests.PracticeClass">
    <ignored/>
  </testcase> <!-- postCall -->
</testsuite> <!-- Default test -->
