<?xml version="1.0" encoding="UTF-8"?>
<testng-results skipped="0" failed="0" ignored="0" total="2" passed="2">
  <reporter-output>
  </reporter-output>
  <suite name="Command line suite" duration-ms="7210" started-at="2019-07-29T18:31:02Z" finished-at="2019-07-29T18:31:09Z">
    <groups>
    </groups>
    <test name="Command line test" duration-ms="7210" started-at="2019-07-29T18:31:02Z" finished-at="2019-07-29T18:31:09Z">
      <class name="resrAssuredTests.TestRestFul">
        <test-method status="PASS" signature="testDeleteCall()[pri:0, instance:resrAssuredTests.TestRestFul@246ae04d]" name="testDeleteCall" duration-ms="3061" started-at="2019-07-29T18:31:02Z" finished-at="2019-07-29T18:31:05Z">
          <reporter-output>
          </reporter-output>
        </test-method> <!-- testDeleteCall -->
        <test-method status="PASS" signature="testGetCall()[pri:0, instance:resrAssuredTests.TestRestFul@246ae04d]" name="testGetCall" duration-ms="4123" started-at="2019-07-29T18:31:05Z" finished-at="2019-07-29T18:31:09Z">
          <reporter-output>
          </reporter-output>
        </test-method> <!-- testGetCall -->
      </class> <!-- resrAssuredTests.TestRestFul -->
    </test> <!-- Command line test -->
  </suite> <!-- Command line suite -->
</testng-results>
